<?xml version="1.0" encoding="UTF-8"?>
<!-- Generated by org.testng.reporters.JUnitXMLReporter -->
<testsuite hostname="EC2AMAZ-J5GP1U8" ignored="0" name="Test" tests="1" failures="1" timestamp="2023-03-01T14:23:10 UTC" time="0.06" errors="0">
  <testcase name="@BeforeSuite preSetup" time="0.018" classname="com.guru99.tests.BaseTest">
    <failure type="java.io.FileNotFoundException" message="null\config\config.properties (The system cannot find the path specified)">
      <![CDATA[java.io.FileNotFoundException: null\config\config.properties (The system cannot find the path specified)
at java.io.FileInputStream.open0(Native Method)
at java.io.FileInputStream.open(Unknown Source)
at java.io.FileInputStream.<init>(Unknown Source)
at java.io.FileInputStream.<init>(Unknown Source)
at utils.ConfigUtils.readPropreties(ConfigUtils.java:14)
at com.guru99.tests.BaseTest.preSetup(BaseTest.java:42)
... Removed 19 stack frames]]>
    </failure>
  </testcase> <!-- @BeforeSuite preSetup -->
  <testcase name="@BeforeClass setup" time="-1.677680590718E9" classname="com.guru99.tests.BaseTest">
    <skipped/>
  </testcase> <!-- @BeforeClass setup -->
  <testcase name="@AfterClass tearDown" time="-1.677680590751E9" classname="com.guru99.tests.BaseTest">
    <skipped/>
  </testcase> <!-- @AfterClass tearDown -->
  <testcase name="verufyuserLoginWithCorrectCredentials" time="0.0" classname="com.guru99.tests.LoginTest">
    <failure type="org.testng.TestNGException" message="
Parameter &amp;apos;paswword&amp;apos; is required by @Test on method verufyuserLoginWithCorrectCredentials but has not been marked @Optional or defined
in C:\Users\Administrator\eclipse-workspace\ModularFramework\testXMLFiles\loginTest.xml">
      <![CDATA[org.testng.TestNGException: 
Parameter 'paswword' is required by @Test on method verufyuserLoginWithCorrectCredentials but has not been marked @Optional or defined
in C:\Users\Administrator\eclipse-workspace\ModularFramework\testXMLFiles\loginTest.xml
at java.util.ArrayList.forEach(Unknown Source)
... Removed 26 stack frames]]>
    </failure>
  </testcase> <!-- verufyuserLoginWithCorrectCredentials -->
</testsuite> <!-- Test -->
